<?xml version="1.0" encoding="UTF-8"?>
<!-- Generated by org.testng.reporters.JUnitReportReporter -->
<testsuite hostname="DESKTOP-V39QH6A" failures="1" tests="1" name="project6.NewTest3" time="2.763" errors="0" timestamp="9 Mar 2021 09:16:59 GMT">
  <testcase classname="project6.NewTest3" name="f" time="2.763">
    <failure message="session not created: This version of ChromeDriver only supports Chrome version 89
Current browser version is 88.0.4324.190 with binary path C:\Program Files\Google\Chrome\Application\chrome.exe
Build info: version: &#039;3.141.59&#039;, revision: &#039;e82be7d358&#039;, time: &#039;2018-11-14T08:17:03&#039;
System info: host: &#039;DESKTOP-V39QH6A&#039;, ip: &#039;192.168.1.20&#039;, os.name: &#039;Windows 10&#039;, os.arch: &#039;amd64&#039;, os.version: &#039;10.0&#039;, java.version: &#039;15.0.2&#039;
Driver info: driver.version: ChromeDriver
remote stacktrace: Backtrace:
	Ordinal0 [0x005AE7D3+124883]
	Ordinal0 [0x005AE7B1+124849]
	GetHandleVerifier [0x007F8688+193832]
	GetHandleVerifier [0x00813AC5+305509]
	GetHandleVerifier [0x0081021B+291003]
	GetHandleVerifier [0x0080E0AC+282444]
	GetHandleVerifier [0x00834A90+440624]
	GetHandleVerifier [0x008347FC+439964]
	GetHandleVerifier [0x0083154B+426987]
	GetHandleVerifier [0x00814FFD+310941]
	GetHandleVerifier [0x00815D8E+314414]
	GetHandleVerifier [0x00815D19+314297]
	GetHandleVerifier [0x008D31EC+1089676]
	GetHandleVerifier [0x008D17C9+1082985]
	GetHandleVerifier [0x008D13A3+1081923]
	GetHandleVerifier [0x009CD9FD+2115741]
	Ordinal0 [0x006FB82E+1488942]
	Ordinal0 [0x00695A7D+1071741]
	Ordinal0 [0x0069559B+1070491]
	Ordinal0 [0x006954B1+1070257]
	Ordinal0 [0x006CFF53+1310547]
	BaseThreadInitThunk [0x762F6359+25]
	RtlGetAppContainerNamedObjectPath [0x77588944+228]
	RtlGetAppContainerNamedObjectPath [0x77588914+180]
" type="org.openqa.selenium.SessionNotCreatedException">
      <![CDATA[org.openqa.selenium.SessionNotCreatedException: session not created: This version of ChromeDriver only supports Chrome version 89
Current browser version is 88.0.4324.190 with binary path C:\Program Files\Google\Chrome\Application\chrome.exe
Build info: version: '3.141.59', revision: 'e82be7d358', time: '2018-11-14T08:17:03'
System info: host: 'DESKTOP-V39QH6A', ip: '192.168.1.20', os.name: 'Windows 10', os.arch: 'amd64', os.version: '10.0', java.version: '15.0.2'
Driver info: driver.version: ChromeDriver
remote stacktrace: Backtrace:
	Ordinal0 [0x005AE7D3+124883]
	Ordinal0 [0x005AE7B1+124849]
	GetHandleVerifier [0x007F8688+193832]
	GetHandleVerifier [0x00813AC5+305509]
	GetHandleVerifier [0x0081021B+291003]
	GetHandleVerifier [0x0080E0AC+282444]
	GetHandleVerifier [0x00834A90+440624]
	GetHandleVerifier [0x008347FC+439964]
	GetHandleVerifier [0x0083154B+426987]
	GetHandleVerifier [0x00814FFD+310941]
	GetHandleVerifier [0x00815D8E+314414]
	GetHandleVerifier [0x00815D19+314297]
	GetHandleVerifier [0x008D31EC+1089676]
	GetHandleVerifier [0x008D17C9+1082985]
	GetHandleVerifier [0x008D13A3+1081923]
	GetHandleVerifier [0x009CD9FD+2115741]
	Ordinal0 [0x006FB82E+1488942]
	Ordinal0 [0x00695A7D+1071741]
	Ordinal0 [0x0069559B+1070491]
	Ordinal0 [0x006954B1+1070257]
	Ordinal0 [0x006CFF53+1310547]
	BaseThreadInitThunk [0x762F6359+25]
	RtlGetAppContainerNamedObjectPath [0x77588944+228]
	RtlGetAppContainerNamedObjectPath [0x77588914+180]

	at java.base/jdk.internal.reflect.NativeConstructorAccessorImpl.newInstance0(Native Method)
	at java.base/jdk.internal.reflect.NativeConstructorAccessorImpl.newInstance(NativeConstructorAccessorImpl.java:64)
	at java.base/jdk.internal.reflect.DelegatingConstructorAccessorImpl.newInstance(DelegatingConstructorAccessorImpl.java:45)
	at java.base/java.lang.reflect.Constructor.newInstanceWithCaller(Constructor.java:500)
	at java.base/java.lang.reflect.Constructor.newInstance(Constructor.java:481)
	at org.openqa.selenium.remote.W3CHandshakeResponse.lambda$errorHandler$0(W3CHandshakeResponse.java:62)
	at org.openqa.selenium.remote.HandshakeResponse.lambda$getResponseFunction$0(HandshakeResponse.java:30)
	at org.openqa.selenium.remote.ProtocolHandshake.lambda$createSession$0(ProtocolHandshake.java:126)
	at java.base/java.util.stream.ReferencePipeline$3$1.accept(ReferencePipeline.java:195)
	at java.base/java.util.Spliterators$ArraySpliterator.tryAdvance(Spliterators.java:958)
	at java.base/java.util.stream.ReferencePipeline.forEachWithCancel(ReferencePipeline.java:127)
	at java.base/java.util.stream.AbstractPipeline.copyIntoWithCancel(AbstractPipeline.java:502)
	at java.base/java.util.stream.AbstractPipeline.copyInto(AbstractPipeline.java:488)
	at java.base/java.util.stream.AbstractPipeline.wrapAndCopyInto(AbstractPipeline.java:474)
	at java.base/java.util.stream.FindOps$FindOp.evaluateSequential(FindOps.java:150)
	at java.base/java.util.stream.AbstractPipeline.evaluate(AbstractPipeline.java:234)
	at java.base/java.util.stream.ReferencePipeline.findFirst(ReferencePipeline.java:543)
	at org.openqa.selenium.remote.ProtocolHandshake.createSession(ProtocolHandshake.java:128)
	at org.openqa.selenium.remote.ProtocolHandshake.createSession(ProtocolHandshake.java:74)
	at org.openqa.selenium.remote.HttpCommandExecutor.execute(HttpCommandExecutor.java:136)
	at org.openqa.selenium.remote.service.DriverCommandExecutor.execute(DriverCommandExecutor.java:83)
	at org.openqa.selenium.remote.RemoteWebDriver.execute(RemoteWebDriver.java:552)
	at org.openqa.selenium.remote.RemoteWebDriver.startSession(RemoteWebDriver.java:213)
	at org.openqa.selenium.remote.RemoteWebDriver.<init>(RemoteWebDriver.java:131)
	at org.openqa.selenium.chrome.ChromeDriver.<init>(ChromeDriver.java:181)
	at org.openqa.selenium.chrome.ChromeDriver.<init>(ChromeDriver.java:168)
	at org.openqa.selenium.chrome.ChromeDriver.<init>(ChromeDriver.java:123)
	at project6.NewTest3.f(NewTest3.java:13)
	at java.base/jdk.internal.reflect.NativeMethodAccessorImpl.invoke0(Native Method)
	at java.base/jdk.internal.reflect.NativeMethodAccessorImpl.invoke(NativeMethodAccessorImpl.java:64)
	at java.base/jdk.internal.reflect.DelegatingMethodAccessorImpl.invoke(DelegatingMethodAccessorImpl.java:43)
	at java.base/java.lang.reflect.Method.invoke(Method.java:564)
	at org.testng.internal.MethodInvocationHelper.invokeMethod(MethodInvocationHelper.java:84)
	at org.testng.internal.Invoker.invokeMethod(Invoker.java:714)
	at org.testng.internal.Invoker.invokeTestMethod(Invoker.java:901)
	at org.testng.internal.Invoker.invokeTestMethods(Invoker.java:1231)
	at org.testng.internal.TestMethodWorker.invokeTestMethods(TestMethodWorker.java:127)
	at org.testng.internal.TestMethodWorker.run(TestMethodWorker.java:111)
	at org.testng.TestRunner.privateRun(TestRunner.java:767)
	at org.testng.TestRunner.run(TestRunner.java:617)
	at org.testng.SuiteRunner.runTest(SuiteRunner.java:334)
	at org.testng.SuiteRunner.runSequentially(SuiteRunner.java:329)
	at org.testng.SuiteRunner.privateRun(SuiteRunner.java:291)
	at org.testng.SuiteRunner.run(SuiteRunner.java:240)
	at org.testng.SuiteRunnerWorker.runSuite(SuiteRunnerWorker.java:52)
	at org.testng.SuiteRunnerWorker.run(SuiteRunnerWorker.java:86)
	at org.testng.TestNG.runSuitesSequentially(TestNG.java:1224)
	at org.testng.TestNG.runSuitesLocally(TestNG.java:1149)
	at org.testng.TestNG.run(TestNG.java:1057)
	at org.testng.remote.AbstractRemoteTestNG.run(AbstractRemoteTestNG.java:115)
	at org.testng.remote.RemoteTestNG.initAndRun(RemoteTestNG.java:251)
	at org.testng.remote.RemoteTestNG.main(RemoteTestNG.java:77)
]]>
    </failure>
  </testcase> <!-- f -->
</testsuite> <!-- project6.NewTest3 -->
